<?xml version="1.0" ?>
<coverage branch-rate="0" branches-covered="0" branches-valid="0" complexity="0" line-rate="0.8119" lines-covered="1627" lines-valid="2004" timestamp="1762330947035" version="6.2">
	<!-- Generated by coverage.py: https://coverage.readthedocs.io -->
	<!-- Based on https://raw.githubusercontent.com/cobertura/web/master/htdocs/xml/coverage-04.dtd -->
	<sources>
		<source>/home/users/liujiang10/baidu/bce-sdk/python/test/bos</source>
	</sources>
	<packages>
		<package branch-rate="0" complexity="0" line-rate="0.8119" name=".">
			<classes>
				<class branch-rate="0" complexity="0" filename="test_client_py2_and_py3.py" line-rate="0.8119" name="test_client_py2_and_py3.py">
					<methods/>
					<lines>
						<line hits="0" number="14"/>
						<line hits="0" number="18"/>
						<line hits="0" number="19"/>
						<line hits="0" number="20"/>
						<line hits="0" number="21"/>
						<line hits="0" number="22"/>
						<line hits="0" number="23"/>
						<line hits="0" number="25"/>
						<line hits="0" number="26"/>
						<line hits="0" number="27"/>
						<line hits="0" number="28"/>
						<line hits="0" number="29"/>
						<line hits="0" number="30"/>
						<line hits="0" number="31"/>
						<line hits="0" number="32"/>
						<line hits="0" number="33"/>
						<line hits="0" number="34"/>
						<line hits="0" number="35"/>
						<line hits="0" number="36"/>
						<line hits="0" number="37"/>
						<line hits="0" number="38"/>
						<line hits="0" number="40"/>
						<line hits="0" number="41"/>
						<line hits="0" number="42"/>
						<line hits="0" number="43"/>
						<line hits="0" number="44"/>
						<line hits="0" number="45"/>
						<line hits="0" number="46"/>
						<line hits="0" number="47"/>
						<line hits="0" number="48"/>
						<line hits="0" number="49"/>
						<line hits="0" number="50"/>
						<line hits="0" number="51"/>
						<line hits="0" number="52"/>
						<line hits="0" number="53"/>
						<line hits="0" number="54"/>
						<line hits="0" number="55"/>
						<line hits="0" number="56"/>
						<line hits="0" number="57"/>
						<line hits="0" number="58"/>
						<line hits="0" number="59"/>
						<line hits="0" number="60"/>
						<line hits="0" number="63"/>
						<line hits="0" number="64"/>
						<line hits="0" number="65"/>
						<line hits="0" number="67"/>
						<line hits="0" number="68"/>
						<line hits="0" number="69"/>
						<line hits="0" number="71"/>
						<line hits="0" number="72"/>
						<line hits="0" number="74"/>
						<line hits="1" number="77"/>
						<line hits="1" number="81"/>
						<line hits="1" number="89"/>
						<line hits="1" number="90"/>
						<line hits="1" number="91"/>
						<line hits="1" number="92"/>
						<line hits="1" number="94"/>
						<line hits="1" number="99"/>
						<line hits="1" number="101"/>
						<line hits="1" number="106"/>
						<line hits="1" number="108"/>
						<line hits="1" number="113"/>
						<line hits="1" number="116"/>
						<line hits="1" number="120"/>
						<line hits="1" number="125"/>
						<line hits="1" number="126"/>
						<line hits="1" number="127"/>
						<line hits="1" number="128"/>
						<line hits="1" number="129"/>
						<line hits="1" number="130"/>
						<line hits="1" number="131"/>
						<line hits="1" number="132"/>
						<line hits="1" number="134"/>
						<line hits="1" number="143"/>
						<line hits="1" number="145"/>
						<line hits="1" number="152"/>
						<line hits="1" number="153"/>
						<line hits="1" number="155"/>
						<line hits="1" number="160"/>
						<line hits="1" number="162"/>
						<line hits="1" number="167"/>
						<line hits="1" number="168"/>
						<line hits="1" number="170"/>
						<line hits="1" number="176"/>
						<line hits="1" number="177"/>
						<line hits="1" number="179"/>
						<line hits="1" number="184"/>
						<line hits="1" number="187"/>
						<line hits="1" number="191"/>
						<line hits="1" number="197"/>
						<line hits="1" number="198"/>
						<line hits="1" number="200"/>
						<line hits="1" number="206"/>
						<line hits="1" number="207"/>
						<line hits="1" number="209"/>
						<line hits="1" number="210"/>
						<line hits="1" number="211"/>
						<line hits="1" number="213"/>
						<line hits="0" number="218"/>
						<line hits="0" number="221"/>
						<line hits="1" number="229"/>
						<line hits="0" number="232"/>
						<line hits="1" number="239"/>
						<line hits="1" number="250"/>
						<line hits="1" number="251"/>
						<line hits="1" number="253"/>
						<line hits="1" number="254"/>
						<line hits="0" number="257"/>
						<line hits="1" number="263"/>
						<line hits="1" number="270"/>
						<line hits="1" number="271"/>
						<line hits="0" number="274"/>
						<line hits="1" number="284"/>
						<line hits="0" number="287"/>
						<line hits="1" number="294"/>
						<line hits="1" number="309"/>
						<line hits="1" number="310"/>
						<line hits="1" number="311"/>
						<line hits="1" number="313"/>
						<line hits="1" number="314"/>
						<line hits="1" number="317"/>
						<line hits="1" number="319"/>
						<line hits="1" number="320"/>
						<line hits="1" number="321"/>
						<line hits="1" number="322"/>
						<line hits="1" number="324"/>
						<line hits="1" number="326"/>
						<line hits="1" number="327"/>
						<line hits="1" number="328"/>
						<line hits="1" number="330"/>
						<line hits="1" number="333"/>
						<line hits="1" number="334"/>
						<line hits="1" number="335"/>
						<line hits="1" number="336"/>
						<line hits="1" number="337"/>
						<line hits="1" number="338"/>
						<line hits="1" number="341"/>
						<line hits="1" number="342"/>
						<line hits="1" number="343"/>
						<line hits="1" number="345"/>
						<line hits="1" number="347"/>
						<line hits="1" number="348"/>
						<line hits="1" number="350"/>
						<line hits="1" number="352"/>
						<line hits="1" number="358"/>
						<line hits="1" number="359"/>
						<line hits="1" number="361"/>
						<line hits="1" number="362"/>
						<line hits="1" number="363"/>
						<line hits="1" number="365"/>
						<line hits="1" number="367"/>
						<line hits="1" number="368"/>
						<line hits="1" number="369"/>
						<line hits="1" number="370"/>
						<line hits="1" number="373"/>
						<line hits="1" number="375"/>
						<line hits="1" number="377"/>
						<line hits="1" number="379"/>
						<line hits="1" number="380"/>
						<line hits="1" number="382"/>
						<line hits="1" number="383"/>
						<line hits="1" number="385"/>
						<line hits="1" number="386"/>
						<line hits="1" number="388"/>
						<line hits="1" number="389"/>
						<line hits="1" number="390"/>
						<line hits="1" number="393"/>
						<line hits="1" number="395"/>
						<line hits="1" number="397"/>
						<line hits="1" number="398"/>
						<line hits="1" number="402"/>
						<line hits="1" number="403"/>
						<line hits="1" number="404"/>
						<line hits="1" number="406"/>
						<line hits="1" number="407"/>
						<line hits="1" number="408"/>
						<line hits="1" number="409"/>
						<line hits="1" number="410"/>
						<line hits="1" number="412"/>
						<line hits="1" number="414"/>
						<line hits="1" number="415"/>
						<line hits="1" number="416"/>
						<line hits="1" number="417"/>
						<line hits="1" number="418"/>
						<line hits="1" number="420"/>
						<line hits="1" number="422"/>
						<line hits="1" number="423"/>
						<line hits="1" number="424"/>
						<line hits="1" number="425"/>
						<line hits="1" number="426"/>
						<line hits="1" number="428"/>
						<line hits="1" number="430"/>
						<line hits="1" number="431"/>
						<line hits="1" number="432"/>
						<line hits="1" number="433"/>
						<line hits="1" number="434"/>
						<line hits="1" number="436"/>
						<line hits="1" number="437"/>
						<line hits="1" number="438"/>
						<line hits="1" number="439"/>
						<line hits="1" number="440"/>
						<line hits="1" number="441"/>
						<line hits="1" number="443"/>
						<line hits="1" number="445"/>
						<line hits="1" number="447"/>
						<line hits="1" number="450"/>
						<line hits="1" number="453"/>
						<line hits="1" number="457"/>
						<line hits="1" number="464"/>
						<line hits="1" number="467"/>
						<line hits="1" number="468"/>
						<line hits="1" number="469"/>
						<line hits="1" number="471"/>
						<line hits="1" number="474"/>
						<line hits="1" number="477"/>
						<line hits="1" number="483"/>
						<line hits="1" number="485"/>
						<line hits="1" number="488"/>
						<line hits="1" number="493"/>
						<line hits="1" number="495"/>
						<line hits="1" number="498"/>
						<line hits="1" number="502"/>
						<line hits="1" number="505"/>
						<line hits="1" number="508"/>
						<line hits="1" number="513"/>
						<line hits="1" number="515"/>
						<line hits="1" number="518"/>
						<line hits="1" number="519"/>
						<line hits="1" number="520"/>
						<line hits="1" number="525"/>
						<line hits="1" number="526"/>
						<line hits="0" number="527"/>
						<line hits="0" number="528"/>
						<line hits="1" number="530"/>
						<line hits="1" number="532"/>
						<line hits="1" number="533"/>
						<line hits="1" number="534"/>
						<line hits="1" number="539"/>
						<line hits="0" number="544"/>
						<line hits="0" number="545"/>
						<line hits="1" number="547"/>
						<line hits="1" number="550"/>
						<line hits="1" number="552"/>
						<line hits="1" number="554"/>
						<line hits="1" number="556"/>
						<line hits="1" number="560"/>
						<line hits="1" number="562"/>
						<line hits="1" number="564"/>
						<line hits="1" number="565"/>
						<line hits="1" number="568"/>
						<line hits="1" number="569"/>
						<line hits="1" number="572"/>
						<line hits="1" number="573"/>
						<line hits="1" number="574"/>
						<line hits="1" number="575"/>
						<line hits="1" number="576"/>
						<line hits="1" number="577"/>
						<line hits="1" number="578"/>
						<line hits="1" number="580"/>
						<line hits="1" number="581"/>
						<line hits="1" number="582"/>
						<line hits="1" number="585"/>
						<line hits="1" number="588"/>
						<line hits="1" number="590"/>
						<line hits="1" number="591"/>
						<line hits="1" number="592"/>
						<line hits="1" number="595"/>
						<line hits="1" number="598"/>
						<line hits="1" number="600"/>
						<line hits="1" number="601"/>
						<line hits="1" number="604"/>
						<line hits="1" number="605"/>
						<line hits="1" number="608"/>
						<line hits="1" number="609"/>
						<line hits="1" number="610"/>
						<line hits="1" number="611"/>
						<line hits="1" number="615"/>
						<line hits="1" number="616"/>
						<line hits="1" number="619"/>
						<line hits="1" number="623"/>
						<line hits="1" number="625"/>
						<line hits="1" number="627"/>
						<line hits="1" number="628"/>
						<line hits="1" number="632"/>
						<line hits="1" number="633"/>
						<line hits="1" number="634"/>
						<line hits="0" number="635"/>
						<line hits="0" number="636"/>
						<line hits="1" number="638"/>
						<line hits="1" number="640"/>
						<line hits="1" number="642"/>
						<line hits="1" number="643"/>
						<line hits="1" number="644"/>
						<line hits="0" number="645"/>
						<line hits="0" number="646"/>
						<line hits="1" number="648"/>
						<line hits="1" number="651"/>
						<line hits="1" number="653"/>
						<line hits="1" number="655"/>
						<line hits="1" number="656"/>
						<line hits="1" number="660"/>
						<line hits="1" number="661"/>
						<line hits="1" number="662"/>
						<line hits="0" number="663"/>
						<line hits="0" number="664"/>
						<line hits="1" number="666"/>
						<line hits="1" number="668"/>
						<line hits="1" number="669"/>
						<line hits="1" number="670"/>
						<line hits="0" number="671"/>
						<line hits="0" number="672"/>
						<line hits="1" number="674"/>
						<line hits="1" number="675"/>
						<line hits="1" number="677"/>
						<line hits="1" number="679"/>
						<line hits="1" number="681"/>
						<line hits="1" number="684"/>
						<line hits="1" number="685"/>
						<line hits="1" number="686"/>
						<line hits="0" number="687"/>
						<line hits="0" number="688"/>
						<line hits="1" number="690"/>
						<line hits="1" number="694"/>
						<line hits="1" number="696"/>
						<line hits="1" number="698"/>
						<line hits="1" number="699"/>
						<line hits="1" number="701"/>
						<line hits="1" number="704"/>
						<line hits="1" number="708"/>
						<line hits="1" number="709"/>
						<line hits="1" number="710"/>
						<line hits="1" number="711"/>
						<line hits="1" number="712"/>
						<line hits="0" number="713"/>
						<line hits="0" number="714"/>
						<line hits="1" number="716"/>
						<line hits="1" number="718"/>
						<line hits="1" number="719"/>
						<line hits="1" number="720"/>
						<line hits="0" number="721"/>
						<line hits="0" number="722"/>
						<line hits="1" number="724"/>
						<line hits="1" number="725"/>
						<line hits="1" number="726"/>
						<line hits="1" number="727"/>
						<line hits="1" number="729"/>
						<line hits="1" number="730"/>
						<line hits="1" number="731"/>
						<line hits="0" number="734"/>
						<line hits="0" number="735"/>
						<line hits="1" number="737"/>
						<line hits="1" number="739"/>
						<line hits="1" number="740"/>
						<line hits="1" number="741"/>
						<line hits="0" number="742"/>
						<line hits="0" number="743"/>
						<line hits="1" number="745"/>
						<line hits="1" number="749"/>
						<line hits="1" number="751"/>
						<line hits="1" number="753"/>
						<line hits="1" number="754"/>
						<line hits="1" number="755"/>
						<line hits="0" number="756"/>
						<line hits="0" number="757"/>
						<line hits="1" number="759"/>
						<line hits="1" number="762"/>
						<line hits="1" number="764"/>
						<line hits="1" number="766"/>
						<line hits="1" number="767"/>
						<line hits="1" number="768"/>
						<line hits="0" number="769"/>
						<line hits="0" number="770"/>
						<line hits="1" number="772"/>
						<line hits="1" number="774"/>
						<line hits="1" number="775"/>
						<line hits="1" number="776"/>
						<line hits="0" number="777"/>
						<line hits="0" number="778"/>
						<line hits="1" number="780"/>
						<line hits="1" number="782"/>
						<line hits="1" number="783"/>
						<line hits="1" number="785"/>
						<line hits="1" number="786"/>
						<line hits="1" number="787"/>
						<line hits="0" number="788"/>
						<line hits="0" number="789"/>
						<line hits="1" number="791"/>
						<line hits="1" number="793"/>
						<line hits="1" number="794"/>
						<line hits="1" number="795"/>
						<line hits="0" number="796"/>
						<line hits="0" number="797"/>
						<line hits="1" number="799"/>
						<line hits="1" number="803"/>
						<line hits="1" number="805"/>
						<line hits="1" number="807"/>
						<line hits="1" number="809"/>
						<line hits="1" number="810"/>
						<line hits="1" number="811"/>
						<line hits="0" number="812"/>
						<line hits="0" number="813"/>
						<line hits="1" number="815"/>
						<line hits="1" number="817"/>
						<line hits="1" number="818"/>
						<line hits="1" number="819"/>
						<line hits="0" number="820"/>
						<line hits="0" number="821"/>
						<line hits="1" number="823"/>
						<line hits="1" number="824"/>
						<line hits="1" number="825"/>
						<line hits="1" number="827"/>
						<line hits="1" number="828"/>
						<line hits="1" number="829"/>
						<line hits="0" number="830"/>
						<line hits="0" number="831"/>
						<line hits="1" number="833"/>
						<line hits="1" number="835"/>
						<line hits="1" number="836"/>
						<line hits="1" number="837"/>
						<line hits="0" number="838"/>
						<line hits="0" number="839"/>
						<line hits="1" number="841"/>
						<line hits="1" number="846"/>
						<line hits="1" number="848"/>
						<line hits="1" number="851"/>
						<line hits="1" number="852"/>
						<line hits="1" number="853"/>
						<line hits="1" number="854"/>
						<line hits="1" number="856"/>
						<line hits="1" number="875"/>
						<line hits="1" number="876"/>
						<line hits="1" number="877"/>
						<line hits="1" number="878"/>
						<line hits="0" number="879"/>
						<line hits="1" number="881"/>
						<line hits="0" number="883"/>
						<line hits="0" number="884"/>
						<line hits="0" number="885"/>
						<line hits="0" number="886"/>
						<line hits="0" number="887"/>
						<line hits="0" number="889"/>
						<line hits="0" number="890"/>
						<line hits="0" number="891"/>
						<line hits="0" number="892"/>
						<line hits="0" number="894"/>
						<line hits="0" number="895"/>
						<line hits="0" number="896"/>
						<line hits="0" number="897"/>
						<line hits="0" number="898"/>
						<line hits="0" number="900"/>
						<line hits="0" number="901"/>
						<line hits="0" number="902"/>
						<line hits="0" number="904"/>
						<line hits="0" number="905"/>
						<line hits="0" number="906"/>
						<line hits="0" number="907"/>
						<line hits="0" number="908"/>
						<line hits="0" number="910"/>
						<line hits="0" number="911"/>
						<line hits="0" number="912"/>
						<line hits="0" number="913"/>
						<line hits="0" number="915"/>
						<line hits="0" number="916"/>
						<line hits="0" number="917"/>
						<line hits="0" number="918"/>
						<line hits="0" number="919"/>
						<line hits="0" number="921"/>
						<line hits="0" number="923"/>
						<line hits="1" number="926"/>
						<line hits="1" number="928"/>
						<line hits="1" number="931"/>
						<line hits="1" number="932"/>
						<line hits="1" number="933"/>
						<line hits="1" number="935"/>
						<line hits="1" number="936"/>
						<line hits="1" number="948"/>
						<line hits="1" number="949"/>
						<line hits="1" number="950"/>
						<line hits="0" number="951"/>
						<line hits="0" number="952"/>
						<line hits="1" number="954"/>
						<line hits="1" number="956"/>
						<line hits="1" number="957"/>
						<line hits="1" number="958"/>
						<line hits="0" number="959"/>
						<line hits="0" number="960"/>
						<line hits="1" number="962"/>
						<line hits="1" number="963"/>
						<line hits="1" number="964"/>
						<line hits="1" number="965"/>
						<line hits="1" number="968"/>
						<line hits="1" number="969"/>
						<line hits="1" number="970"/>
						<line hits="0" number="971"/>
						<line hits="0" number="972"/>
						<line hits="1" number="974"/>
						<line hits="1" number="975"/>
						<line hits="1" number="976"/>
						<line hits="1" number="978"/>
						<line hits="1" number="979"/>
						<line hits="1" number="980"/>
						<line hits="0" number="981"/>
						<line hits="0" number="982"/>
						<line hits="1" number="984"/>
						<line hits="1" number="986"/>
						<line hits="1" number="990"/>
						<line hits="1" number="992"/>
						<line hits="1" number="995"/>
						<line hits="1" number="996"/>
						<line hits="1" number="997"/>
						<line hits="1" number="998"/>
						<line hits="0" number="999"/>
						<line hits="0" number="1000"/>
						<line hits="1" number="1002"/>
						<line hits="1" number="1004"/>
						<line hits="1" number="1005"/>
						<line hits="1" number="1006"/>
						<line hits="0" number="1007"/>
						<line hits="0" number="1008"/>
						<line hits="1" number="1010"/>
						<line hits="1" number="1011"/>
						<line hits="1" number="1012"/>
						<line hits="1" number="1015"/>
						<line hits="1" number="1016"/>
						<line hits="1" number="1017"/>
						<line hits="1" number="1018"/>
						<line hits="1" number="1019"/>
						<line hits="1" number="1020"/>
						<line hits="1" number="1021"/>
						<line hits="0" number="1022"/>
						<line hits="0" number="1023"/>
						<line hits="1" number="1025"/>
						<line hits="1" number="1027"/>
						<line hits="1" number="1028"/>
						<line hits="1" number="1029"/>
						<line hits="0" number="1030"/>
						<line hits="0" number="1031"/>
						<line hits="1" number="1033"/>
						<line hits="1" number="1035"/>
						<line hits="1" number="1036"/>
						<line hits="1" number="1037"/>
						<line hits="0" number="1038"/>
						<line hits="0" number="1039"/>
						<line hits="1" number="1041"/>
						<line hits="1" number="1044"/>
						<line hits="1" number="1046"/>
						<line hits="0" number="1048"/>
						<line hits="0" number="1049"/>
						<line hits="0" number="1050"/>
						<line hits="0" number="1051"/>
						<line hits="0" number="1052"/>
						<line hits="0" number="1053"/>
						<line hits="0" number="1055"/>
						<line hits="0" number="1056"/>
						<line hits="1" number="1059"/>
						<line hits="1" number="1061"/>
						<line hits="1" number="1063"/>
						<line hits="1" number="1064"/>
						<line hits="1" number="1065"/>
						<line hits="1" number="1066"/>
						<line hits="1" number="1067"/>
						<line hits="0" number="1071"/>
						<line hits="0" number="1072"/>
						<line hits="1" number="1074"/>
						<line hits="1" number="1076"/>
						<line hits="1" number="1077"/>
						<line hits="1" number="1078"/>
						<line hits="0" number="1079"/>
						<line hits="0" number="1080"/>
						<line hits="1" number="1082"/>
						<line hits="1" number="1083"/>
						<line hits="1" number="1084"/>
						<line hits="1" number="1085"/>
						<line hits="1" number="1086"/>
						<line hits="1" number="1089"/>
						<line hits="1" number="1091"/>
						<line hits="1" number="1093"/>
						<line hits="1" number="1094"/>
						<line hits="1" number="1095"/>
						<line hits="0" number="1099"/>
						<line hits="0" number="1100"/>
						<line hits="1" number="1102"/>
						<line hits="1" number="1103"/>
						<line hits="1" number="1105"/>
						<line hits="1" number="1106"/>
						<line hits="1" number="1107"/>
						<line hits="0" number="1108"/>
						<line hits="0" number="1109"/>
						<line hits="1" number="1111"/>
						<line hits="1" number="1113"/>
						<line hits="1" number="1114"/>
						<line hits="1" number="1115"/>
						<line hits="1" number="1117"/>
						<line hits="1" number="1120"/>
						<line hits="1" number="1121"/>
						<line hits="1" number="1122"/>
						<line hits="1" number="1123"/>
						<line hits="1" number="1124"/>
						<line hits="1" number="1126"/>
						<line hits="1" number="1128"/>
						<line hits="1" number="1129"/>
						<line hits="1" number="1130"/>
						<line hits="1" number="1131"/>
						<line hits="1" number="1132"/>
						<line hits="1" number="1134"/>
						<line hits="1" number="1136"/>
						<line hits="1" number="1137"/>
						<line hits="1" number="1138"/>
						<line hits="0" number="1141"/>
						<line hits="0" number="1142"/>
						<line hits="1" number="1144"/>
						<line hits="1" number="1145"/>
						<line hits="1" number="1147"/>
						<line hits="1" number="1148"/>
						<line hits="1" number="1149"/>
						<line hits="0" number="1150"/>
						<line hits="0" number="1151"/>
						<line hits="1" number="1153"/>
						<line hits="1" number="1155"/>
						<line hits="1" number="1159"/>
						<line hits="1" number="1162"/>
						<line hits="1" number="1163"/>
						<line hits="1" number="1164"/>
						<line hits="1" number="1165"/>
						<line hits="1" number="1166"/>
						<line hits="1" number="1168"/>
						<line hits="1" number="1170"/>
						<line hits="1" number="1171"/>
						<line hits="1" number="1172"/>
						<line hits="1" number="1173"/>
						<line hits="1" number="1174"/>
						<line hits="1" number="1176"/>
						<line hits="1" number="1179"/>
						<line hits="1" number="1180"/>
						<line hits="1" number="1181"/>
						<line hits="0" number="1182"/>
						<line hits="0" number="1183"/>
						<line hits="1" number="1185"/>
						<line hits="1" number="1186"/>
						<line hits="1" number="1188"/>
						<line hits="1" number="1189"/>
						<line hits="1" number="1190"/>
						<line hits="0" number="1191"/>
						<line hits="0" number="1192"/>
						<line hits="1" number="1194"/>
						<line hits="1" number="1195"/>
						<line hits="1" number="1197"/>
						<line hits="1" number="1198"/>
						<line hits="1" number="1200"/>
						<line hits="1" number="1202"/>
						<line hits="1" number="1203"/>
						<line hits="1" number="1204"/>
						<line hits="0" number="1205"/>
						<line hits="0" number="1206"/>
						<line hits="1" number="1208"/>
						<line hits="1" number="1209"/>
						<line hits="1" number="1211"/>
						<line hits="1" number="1212"/>
						<line hits="1" number="1213"/>
						<line hits="1" number="1215"/>
						<line hits="1" number="1216"/>
						<line hits="1" number="1217"/>
						<line hits="1" number="1218"/>
						<line hits="1" number="1220"/>
						<line hits="1" number="1221"/>
						<line hits="1" number="1222"/>
						<line hits="0" number="1226"/>
						<line hits="0" number="1227"/>
						<line hits="1" number="1229"/>
						<line hits="1" number="1230"/>
						<line hits="1" number="1231"/>
						<line hits="1" number="1233"/>
						<line hits="1" number="1234"/>
						<line hits="1" number="1235"/>
						<line hits="1" number="1236"/>
						<line hits="1" number="1239"/>
						<line hits="1" number="1241"/>
						<line hits="1" number="1244"/>
						<line hits="0" number="1245"/>
						<line hits="1" number="1246"/>
						<line hits="0" number="1247"/>
						<line hits="1" number="1249"/>
						<line hits="1" number="1250"/>
						<line hits="1" number="1252"/>
						<line hits="1" number="1253"/>
						<line hits="1" number="1255"/>
						<line hits="1" number="1256"/>
						<line hits="1" number="1260"/>
						<line hits="1" number="1261"/>
						<line hits="1" number="1262"/>
						<line hits="1" number="1265"/>
						<line hits="1" number="1266"/>
						<line hits="1" number="1269"/>
						<line hits="1" number="1270"/>
						<line hits="1" number="1273"/>
						<line hits="1" number="1275"/>
						<line hits="1" number="1277"/>
						<line hits="1" number="1278"/>
						<line hits="1" number="1283"/>
						<line hits="1" number="1284"/>
						<line hits="1" number="1285"/>
						<line hits="1" number="1286"/>
						<line hits="1" number="1287"/>
						<line hits="1" number="1288"/>
						<line hits="1" number="1291"/>
						<line hits="1" number="1292"/>
						<line hits="1" number="1293"/>
						<line hits="1" number="1294"/>
						<line hits="1" number="1298"/>
						<line hits="1" number="1303"/>
						<line hits="1" number="1304"/>
						<line hits="1" number="1305"/>
						<line hits="1" number="1306"/>
						<line hits="1" number="1307"/>
						<line hits="1" number="1308"/>
						<line hits="1" number="1309"/>
						<line hits="1" number="1310"/>
						<line hits="1" number="1311"/>
						<line hits="1" number="1312"/>
						<line hits="1" number="1315"/>
						<line hits="1" number="1317"/>
						<line hits="1" number="1318"/>
						<line hits="1" number="1323"/>
						<line hits="1" number="1325"/>
						<line hits="1" number="1326"/>
						<line hits="1" number="1328"/>
						<line hits="1" number="1329"/>
						<line hits="1" number="1331"/>
						<line hits="1" number="1332"/>
						<line hits="1" number="1333"/>
						<line hits="1" number="1335"/>
						<line hits="1" number="1336"/>
						<line hits="1" number="1337"/>
						<line hits="1" number="1339"/>
						<line hits="1" number="1341"/>
						<line hits="1" number="1343"/>
						<line hits="1" number="1344"/>
						<line hits="1" number="1345"/>
						<line hits="1" number="1346"/>
						<line hits="1" number="1348"/>
						<line hits="1" number="1349"/>
						<line hits="1" number="1350"/>
						<line hits="1" number="1353"/>
						<line hits="1" number="1355"/>
						<line hits="1" number="1357"/>
						<line hits="1" number="1358"/>
						<line hits="1" number="1359"/>
						<line hits="1" number="1361"/>
						<line hits="1" number="1362"/>
						<line hits="1" number="1369"/>
						<line hits="1" number="1370"/>
						<line hits="1" number="1372"/>
						<line hits="1" number="1373"/>
						<line hits="1" number="1374"/>
						<line hits="1" number="1375"/>
						<line hits="1" number="1376"/>
						<line hits="1" number="1380"/>
						<line hits="1" number="1381"/>
						<line hits="1" number="1382"/>
						<line hits="1" number="1384"/>
						<line hits="1" number="1385"/>
						<line hits="1" number="1386"/>
						<line hits="1" number="1387"/>
						<line hits="1" number="1388"/>
						<line hits="1" number="1390"/>
						<line hits="1" number="1392"/>
						<line hits="1" number="1393"/>
						<line hits="1" number="1394"/>
						<line hits="1" number="1396"/>
						<line hits="1" number="1397"/>
						<line hits="1" number="1404"/>
						<line hits="1" number="1405"/>
						<line hits="1" number="1406"/>
						<line hits="1" number="1407"/>
						<line hits="1" number="1408"/>
						<line hits="1" number="1409"/>
						<line hits="1" number="1410"/>
						<line hits="1" number="1413"/>
						<line hits="1" number="1415"/>
						<line hits="1" number="1417"/>
						<line hits="1" number="1418"/>
						<line hits="1" number="1419"/>
						<line hits="1" number="1420"/>
						<line hits="1" number="1421"/>
						<line hits="1" number="1424"/>
						<line hits="1" number="1426"/>
						<line hits="1" number="1428"/>
						<line hits="1" number="1429"/>
						<line hits="1" number="1430"/>
						<line hits="1" number="1431"/>
						<line hits="1" number="1432"/>
						<line hits="1" number="1435"/>
						<line hits="1" number="1436"/>
						<line hits="1" number="1437"/>
						<line hits="1" number="1438"/>
						<line hits="1" number="1439"/>
						<line hits="1" number="1440"/>
						<line hits="1" number="1442"/>
						<line hits="1" number="1444"/>
						<line hits="1" number="1446"/>
						<line hits="1" number="1449"/>
						<line hits="1" number="1453"/>
						<line hits="1" number="1455"/>
						<line hits="1" number="1457"/>
						<line hits="1" number="1458"/>
						<line hits="1" number="1459"/>
						<line hits="1" number="1461"/>
						<line hits="1" number="1464"/>
						<line hits="1" number="1468"/>
						<line hits="1" number="1470"/>
						<line hits="1" number="1471"/>
						<line hits="1" number="1474"/>
						<line hits="1" number="1478"/>
						<line hits="1" number="1480"/>
						<line hits="1" number="1481"/>
						<line hits="1" number="1484"/>
						<line hits="1" number="1487"/>
						<line hits="1" number="1489"/>
						<line hits="1" number="1490"/>
						<line hits="1" number="1492"/>
						<line hits="1" number="1496"/>
						<line hits="1" number="1498"/>
						<line hits="1" number="1499"/>
						<line hits="1" number="1502"/>
						<line hits="1" number="1503"/>
						<line hits="1" number="1504"/>
						<line hits="1" number="1508"/>
						<line hits="1" number="1509"/>
						<line hits="0" number="1510"/>
						<line hits="0" number="1511"/>
						<line hits="1" number="1513"/>
						<line hits="1" number="1515"/>
						<line hits="1" number="1516"/>
						<line hits="1" number="1517"/>
						<line hits="0" number="1521"/>
						<line hits="0" number="1522"/>
						<line hits="1" number="1524"/>
						<line hits="1" number="1526"/>
						<line hits="1" number="1528"/>
						<line hits="1" number="1529"/>
						<line hits="1" number="1530"/>
						<line hits="1" number="1532"/>
						<line hits="1" number="1535"/>
						<line hits="1" number="1539"/>
						<line hits="1" number="1540"/>
						<line hits="1" number="1544"/>
						<line hits="1" number="1546"/>
						<line hits="1" number="1548"/>
						<line hits="1" number="1549"/>
						<line hits="1" number="1550"/>
						<line hits="1" number="1553"/>
						<line hits="1" number="1556"/>
						<line hits="1" number="1557"/>
						<line hits="1" number="1558"/>
						<line hits="1" number="1559"/>
						<line hits="1" number="1564"/>
						<line hits="1" number="1566"/>
						<line hits="1" number="1567"/>
						<line hits="1" number="1569"/>
						<line hits="1" number="1571"/>
						<line hits="1" number="1573"/>
						<line hits="1" number="1577"/>
						<line hits="1" number="1579"/>
						<line hits="1" number="1580"/>
						<line hits="1" number="1583"/>
						<line hits="1" number="1587"/>
						<line hits="1" number="1589"/>
						<line hits="1" number="1590"/>
						<line hits="1" number="1593"/>
						<line hits="1" number="1596"/>
						<line hits="1" number="1598"/>
						<line hits="1" number="1599"/>
						<line hits="1" number="1601"/>
						<line hits="1" number="1605"/>
						<line hits="1" number="1607"/>
						<line hits="1" number="1608"/>
						<line hits="1" number="1610"/>
						<line hits="1" number="1611"/>
						<line hits="1" number="1612"/>
						<line hits="1" number="1616"/>
						<line hits="1" number="1617"/>
						<line hits="0" number="1618"/>
						<line hits="0" number="1619"/>
						<line hits="1" number="1621"/>
						<line hits="1" number="1623"/>
						<line hits="1" number="1624"/>
						<line hits="1" number="1625"/>
						<line hits="0" number="1629"/>
						<line hits="0" number="1630"/>
						<line hits="1" number="1632"/>
						<line hits="1" number="1634"/>
						<line hits="1" number="1637"/>
						<line hits="1" number="1638"/>
						<line hits="1" number="1639"/>
						<line hits="1" number="1640"/>
						<line hits="1" number="1641"/>
						<line hits="1" number="1643"/>
						<line hits="1" number="1645"/>
						<line hits="1" number="1646"/>
						<line hits="1" number="1647"/>
						<line hits="1" number="1648"/>
						<line hits="1" number="1649"/>
						<line hits="1" number="1651"/>
						<line hits="1" number="1654"/>
						<line hits="1" number="1656"/>
						<line hits="1" number="1660"/>
						<line hits="1" number="1663"/>
						<line hits="1" number="1665"/>
						<line hits="1" number="1666"/>
						<line hits="1" number="1668"/>
						<line hits="1" number="1672"/>
						<line hits="1" number="1673"/>
						<line hits="1" number="1675"/>
						<line hits="1" number="1677"/>
						<line hits="1" number="1679"/>
						<line hits="1" number="1681"/>
						<line hits="1" number="1684"/>
						<line hits="1" number="1685"/>
						<line hits="1" number="1686"/>
						<line hits="1" number="1690"/>
						<line hits="1" number="1691"/>
						<line hits="0" number="1692"/>
						<line hits="0" number="1693"/>
						<line hits="1" number="1695"/>
						<line hits="1" number="1698"/>
						<line hits="1" number="1700"/>
						<line hits="1" number="1704"/>
						<line hits="1" number="1705"/>
						<line hits="1" number="1706"/>
						<line hits="1" number="1707"/>
						<line hits="1" number="1708"/>
						<line hits="1" number="1710"/>
						<line hits="1" number="1712"/>
						<line hits="1" number="1713"/>
						<line hits="1" number="1714"/>
						<line hits="1" number="1715"/>
						<line hits="1" number="1716"/>
						<line hits="1" number="1717"/>
						<line hits="1" number="1718"/>
						<line hits="1" number="1719"/>
						<line hits="1" number="1720"/>
						<line hits="1" number="1722"/>
						<line hits="1" number="1729"/>
						<line hits="1" number="1730"/>
						<line hits="1" number="1731"/>
						<line hits="1" number="1735"/>
						<line hits="1" number="1737"/>
						<line hits="1" number="1739"/>
						<line hits="1" number="1740"/>
						<line hits="1" number="1741"/>
						<line hits="1" number="1742"/>
						<line hits="1" number="1743"/>
						<line hits="1" number="1745"/>
						<line hits="1" number="1747"/>
						<line hits="1" number="1751"/>
						<line hits="1" number="1754"/>
						<line hits="1" number="1755"/>
						<line hits="1" number="1756"/>
						<line hits="1" number="1757"/>
						<line hits="1" number="1764"/>
						<line hits="1" number="1766"/>
						<line hits="1" number="1771"/>
						<line hits="1" number="1773"/>
						<line hits="1" number="1774"/>
						<line hits="1" number="1775"/>
						<line hits="1" number="1777"/>
						<line hits="1" number="1779"/>
						<line hits="1" number="1782"/>
						<line hits="1" number="1783"/>
						<line hits="1" number="1784"/>
						<line hits="1" number="1785"/>
						<line hits="1" number="1792"/>
						<line hits="1" number="1794"/>
						<line hits="1" number="1799"/>
						<line hits="1" number="1801"/>
						<line hits="1" number="1803"/>
						<line hits="1" number="1806"/>
						<line hits="1" number="1809"/>
						<line hits="1" number="1810"/>
						<line hits="1" number="1811"/>
						<line hits="1" number="1812"/>
						<line hits="1" number="1819"/>
						<line hits="1" number="1821"/>
						<line hits="1" number="1822"/>
						<line hits="1" number="1823"/>
						<line hits="1" number="1825"/>
						<line hits="1" number="1828"/>
						<line hits="1" number="1830"/>
						<line hits="1" number="1835"/>
						<line hits="1" number="1836"/>
						<line hits="1" number="1839"/>
						<line hits="1" number="1840"/>
						<line hits="1" number="1841"/>
						<line hits="0" number="1842"/>
						<line hits="1" number="1845"/>
						<line hits="1" number="1848"/>
						<line hits="1" number="1849"/>
						<line hits="1" number="1850"/>
						<line hits="1" number="1851"/>
						<line hits="1" number="1858"/>
						<line hits="1" number="1860"/>
						<line hits="1" number="1861"/>
						<line hits="1" number="1862"/>
						<line hits="1" number="1864"/>
						<line hits="1" number="1867"/>
						<line hits="1" number="1869"/>
						<line hits="1" number="1874"/>
						<line hits="1" number="1875"/>
						<line hits="1" number="1878"/>
						<line hits="1" number="1879"/>
						<line hits="1" number="1880"/>
						<line hits="0" number="1881"/>
						<line hits="1" number="1883"/>
						<line hits="1" number="1885"/>
						<line hits="1" number="1887"/>
						<line hits="1" number="1888"/>
						<line hits="1" number="1890"/>
						<line hits="1" number="1892"/>
						<line hits="1" number="1893"/>
						<line hits="1" number="1894"/>
						<line hits="0" number="1895"/>
						<line hits="0" number="1896"/>
						<line hits="1" number="1898"/>
						<line hits="1" number="1899"/>
						<line hits="1" number="1901"/>
						<line hits="1" number="1903"/>
						<line hits="1" number="1904"/>
						<line hits="1" number="1905"/>
						<line hits="1" number="1911"/>
						<line hits="1" number="1912"/>
						<line hits="1" number="1913"/>
						<line hits="1" number="1914"/>
						<line hits="1" number="1916"/>
						<line hits="1" number="1917"/>
						<line hits="1" number="1918"/>
						<line hits="1" number="1919"/>
						<line hits="1" number="1920"/>
						<line hits="1" number="1922"/>
						<line hits="1" number="1926"/>
						<line hits="1" number="1928"/>
						<line hits="1" number="1930"/>
						<line hits="1" number="1931"/>
						<line hits="1" number="1933"/>
						<line hits="1" number="1936"/>
						<line hits="1" number="1937"/>
						<line hits="1" number="1938"/>
						<line hits="1" number="1939"/>
						<line hits="1" number="1941"/>
						<line hits="1" number="1942"/>
						<line hits="1" number="1943"/>
						<line hits="1" number="1944"/>
						<line hits="1" number="1945"/>
						<line hits="1" number="1946"/>
						<line hits="1" number="1947"/>
						<line hits="1" number="1948"/>
						<line hits="1" number="1949"/>
						<line hits="1" number="1950"/>
						<line hits="1" number="1951"/>
						<line hits="0" number="1952"/>
						<line hits="1" number="1953"/>
						<line hits="1" number="1961"/>
						<line hits="1" number="1962"/>
						<line hits="1" number="1963"/>
						<line hits="1" number="1965"/>
						<line hits="0" number="1967"/>
						<line hits="0" number="1969"/>
						<line hits="0" number="1970"/>
						<line hits="0" number="1971"/>
						<line hits="0" number="1972"/>
						<line hits="0" number="1973"/>
						<line hits="1" number="1976"/>
						<line hits="1" number="1978"/>
						<line hits="1" number="1980"/>
						<line hits="1" number="1981"/>
						<line hits="1" number="1982"/>
						<line hits="1" number="1983"/>
						<line hits="1" number="1984"/>
						<line hits="1" number="1987"/>
						<line hits="1" number="1989"/>
						<line hits="1" number="1991"/>
						<line hits="1" number="1992"/>
						<line hits="1" number="1995"/>
						<line hits="1" number="1997"/>
						<line hits="1" number="1999"/>
						<line hits="1" number="2000"/>
						<line hits="1" number="2001"/>
						<line hits="1" number="2002"/>
						<line hits="1" number="2003"/>
						<line hits="1" number="2004"/>
						<line hits="1" number="2005"/>
						<line hits="1" number="2006"/>
						<line hits="1" number="2007"/>
						<line hits="1" number="2010"/>
						<line hits="1" number="2012"/>
						<line hits="1" number="2014"/>
						<line hits="1" number="2015"/>
						<line hits="1" number="2016"/>
						<line hits="1" number="2017"/>
						<line hits="1" number="2018"/>
						<line hits="1" number="2019"/>
						<line hits="1" number="2020"/>
						<line hits="1" number="2021"/>
						<line hits="1" number="2022"/>
						<line hits="1" number="2023"/>
						<line hits="1" number="2024"/>
						<line hits="1" number="2025"/>
						<line hits="1" number="2026"/>
						<line hits="1" number="2029"/>
						<line hits="1" number="2031"/>
						<line hits="1" number="2033"/>
						<line hits="1" number="2034"/>
						<line hits="1" number="2035"/>
						<line hits="1" number="2036"/>
						<line hits="1" number="2037"/>
						<line hits="1" number="2038"/>
						<line hits="1" number="2039"/>
						<line hits="1" number="2040"/>
						<line hits="1" number="2041"/>
						<line hits="1" number="2042"/>
						<line hits="1" number="2043"/>
						<line hits="1" number="2044"/>
						<line hits="1" number="2045"/>
						<line hits="1" number="2046"/>
						<line hits="1" number="2047"/>
						<line hits="1" number="2048"/>
						<line hits="1" number="2049"/>
						<line hits="1" number="2050"/>
						<line hits="1" number="2051"/>
						<line hits="1" number="2052"/>
						<line hits="1" number="2053"/>
						<line hits="1" number="2056"/>
						<line hits="1" number="2058"/>
						<line hits="1" number="2060"/>
						<line hits="1" number="2061"/>
						<line hits="1" number="2062"/>
						<line hits="1" number="2063"/>
						<line hits="1" number="2064"/>
						<line hits="1" number="2065"/>
						<line hits="1" number="2066"/>
						<line hits="1" number="2067"/>
						<line hits="1" number="2068"/>
						<line hits="1" number="2071"/>
						<line hits="1" number="2073"/>
						<line hits="1" number="2075"/>
						<line hits="1" number="2076"/>
						<line hits="1" number="2077"/>
						<line hits="1" number="2078"/>
						<line hits="1" number="2079"/>
						<line hits="1" number="2080"/>
						<line hits="1" number="2081"/>
						<line hits="1" number="2082"/>
						<line hits="1" number="2083"/>
						<line hits="1" number="2084"/>
						<line hits="1" number="2085"/>
						<line hits="1" number="2086"/>
						<line hits="1" number="2087"/>
						<line hits="1" number="2089"/>
						<line hits="1" number="2092"/>
						<line hits="1" number="2094"/>
						<line hits="1" number="2096"/>
						<line hits="1" number="2101"/>
						<line hits="1" number="2102"/>
						<line hits="1" number="2103"/>
						<line hits="1" number="2104"/>
						<line hits="1" number="2105"/>
						<line hits="1" number="2108"/>
						<line hits="1" number="2110"/>
						<line hits="1" number="2111"/>
						<line hits="1" number="2112"/>
						<line hits="1" number="2118"/>
						<line hits="1" number="2124"/>
						<line hits="1" number="2140"/>
						<line hits="1" number="2142"/>
						<line hits="1" number="2144"/>
						<line hits="1" number="2145"/>
						<line hits="1" number="2146"/>
						<line hits="0" number="2149"/>
						<line hits="1" number="2152"/>
						<line hits="1" number="2154"/>
						<line hits="1" number="2155"/>
						<line hits="1" number="2156"/>
						<line hits="1" number="2157"/>
						<line hits="1" number="2158"/>
						<line hits="1" number="2160"/>
						<line hits="1" number="2162"/>
						<line hits="1" number="2163"/>
						<line hits="1" number="2164"/>
						<line hits="1" number="2165"/>
						<line hits="1" number="2166"/>
						<line hits="1" number="2167"/>
						<line hits="1" number="2168"/>
						<line hits="1" number="2170"/>
						<line hits="1" number="2172"/>
						<line hits="1" number="2173"/>
						<line hits="1" number="2175"/>
						<line hits="1" number="2177"/>
						<line hits="1" number="2178"/>
						<line hits="1" number="2179"/>
						<line hits="1" number="2181"/>
						<line hits="1" number="2183"/>
						<line hits="1" number="2184"/>
						<line hits="1" number="2185"/>
						<line hits="1" number="2186"/>
						<line hits="1" number="2187"/>
						<line hits="1" number="2188"/>
						<line hits="1" number="2189"/>
						<line hits="1" number="2190"/>
						<line hits="1" number="2191"/>
						<line hits="1" number="2192"/>
						<line hits="1" number="2195"/>
						<line hits="1" number="2197"/>
						<line hits="1" number="2198"/>
						<line hits="1" number="2199"/>
						<line hits="1" number="2202"/>
						<line hits="1" number="2204"/>
						<line hits="1" number="2205"/>
						<line hits="1" number="2206"/>
						<line hits="1" number="2207"/>
						<line hits="1" number="2208"/>
						<line hits="1" number="2209"/>
						<line hits="1" number="2211"/>
						<line hits="1" number="2213"/>
						<line hits="1" number="2214"/>
						<line hits="1" number="2216"/>
						<line hits="1" number="2218"/>
						<line hits="1" number="2240"/>
						<line hits="1" number="2244"/>
						<line hits="1" number="2246"/>
						<line hits="1" number="2249"/>
						<line hits="1" number="2250"/>
						<line hits="1" number="2253"/>
						<line hits="1" number="2254"/>
						<line hits="1" number="2255"/>
						<line hits="1" number="2256"/>
						<line hits="1" number="2257"/>
						<line hits="1" number="2258"/>
						<line hits="1" number="2260"/>
						<line hits="1" number="2263"/>
						<line hits="1" number="2266"/>
						<line hits="1" number="2267"/>
						<line hits="1" number="2268"/>
						<line hits="1" number="2269"/>
						<line hits="1" number="2270"/>
						<line hits="1" number="2271"/>
						<line hits="1" number="2273"/>
						<line hits="1" number="2274"/>
						<line hits="1" number="2275"/>
						<line hits="1" number="2276"/>
						<line hits="1" number="2277"/>
						<line hits="1" number="2280"/>
						<line hits="1" number="2281"/>
						<line hits="1" number="2282"/>
						<line hits="1" number="2283"/>
						<line hits="1" number="2284"/>
						<line hits="1" number="2285"/>
						<line hits="1" number="2286"/>
						<line hits="1" number="2287"/>
						<line hits="1" number="2289"/>
						<line hits="1" number="2290"/>
						<line hits="1" number="2291"/>
						<line hits="1" number="2292"/>
						<line hits="1" number="2294"/>
						<line hits="1" number="2297"/>
						<line hits="1" number="2300"/>
						<line hits="1" number="2301"/>
						<line hits="1" number="2302"/>
						<line hits="1" number="2303"/>
						<line hits="1" number="2304"/>
						<line hits="1" number="2305"/>
						<line hits="1" number="2307"/>
						<line hits="1" number="2308"/>
						<line hits="1" number="2309"/>
						<line hits="1" number="2310"/>
						<line hits="1" number="2311"/>
						<line hits="1" number="2314"/>
						<line hits="1" number="2316"/>
						<line hits="1" number="2319"/>
						<line hits="1" number="2320"/>
						<line hits="1" number="2321"/>
						<line hits="1" number="2322"/>
						<line hits="1" number="2323"/>
						<line hits="1" number="2324"/>
						<line hits="1" number="2327"/>
						<line hits="1" number="2328"/>
						<line hits="1" number="2329"/>
						<line hits="1" number="2330"/>
						<line hits="1" number="2331"/>
						<line hits="1" number="2332"/>
						<line hits="1" number="2335"/>
						<line hits="1" number="2336"/>
						<line hits="1" number="2337"/>
						<line hits="1" number="2338"/>
						<line hits="1" number="2339"/>
						<line hits="1" number="2340"/>
						<line hits="1" number="2343"/>
						<line hits="1" number="2344"/>
						<line hits="1" number="2345"/>
						<line hits="1" number="2348"/>
						<line hits="1" number="2349"/>
						<line hits="1" number="2350"/>
						<line hits="1" number="2353"/>
						<line hits="1" number="2354"/>
						<line hits="1" number="2355"/>
						<line hits="1" number="2356"/>
						<line hits="1" number="2357"/>
						<line hits="1" number="2358"/>
						<line hits="1" number="2360"/>
						<line hits="1" number="2363"/>
						<line hits="1" number="2364"/>
						<line hits="1" number="2365"/>
						<line hits="1" number="2366"/>
						<line hits="1" number="2367"/>
						<line hits="1" number="2372"/>
						<line hits="1" number="2373"/>
						<line hits="1" number="2374"/>
						<line hits="1" number="2375"/>
						<line hits="1" number="2376"/>
						<line hits="1" number="2377"/>
						<line hits="1" number="2378"/>
						<line hits="1" number="2379"/>
						<line hits="1" number="2382"/>
						<line hits="1" number="2383"/>
						<line hits="1" number="2384"/>
						<line hits="1" number="2385"/>
						<line hits="1" number="2386"/>
						<line hits="1" number="2389"/>
						<line hits="1" number="2390"/>
						<line hits="1" number="2391"/>
						<line hits="1" number="2392"/>
						<line hits="1" number="2393"/>
						<line hits="1" number="2394"/>
						<line hits="1" number="2395"/>
						<line hits="1" number="2396"/>
						<line hits="1" number="2397"/>
						<line hits="1" number="2400"/>
						<line hits="1" number="2403"/>
						<line hits="1" number="2404"/>
						<line hits="1" number="2405"/>
						<line hits="1" number="2406"/>
						<line hits="1" number="2409"/>
						<line hits="1" number="2410"/>
						<line hits="1" number="2412"/>
						<line hits="1" number="2418"/>
						<line hits="1" number="2419"/>
						<line hits="1" number="2420"/>
						<line hits="1" number="2421"/>
						<line hits="1" number="2422"/>
						<line hits="1" number="2423"/>
						<line hits="1" number="2426"/>
						<line hits="1" number="2427"/>
						<line hits="1" number="2428"/>
						<line hits="1" number="2429"/>
						<line hits="1" number="2432"/>
						<line hits="1" number="2433"/>
						<line hits="1" number="2434"/>
						<line hits="1" number="2440"/>
						<line hits="1" number="2441"/>
						<line hits="1" number="2442"/>
						<line hits="1" number="2443"/>
						<line hits="1" number="2444"/>
						<line hits="1" number="2445"/>
						<line hits="1" number="2448"/>
						<line hits="1" number="2449"/>
						<line hits="1" number="2450"/>
						<line hits="1" number="2451"/>
						<line hits="1" number="2454"/>
						<line hits="1" number="2455"/>
						<line hits="1" number="2456"/>
						<line hits="1" number="2462"/>
						<line hits="1" number="2463"/>
						<line hits="1" number="2464"/>
						<line hits="1" number="2465"/>
						<line hits="1" number="2466"/>
						<line hits="1" number="2467"/>
						<line hits="1" number="2469"/>
						<line hits="1" number="2472"/>
						<line hits="1" number="2473"/>
						<line hits="1" number="2474"/>
						<line hits="1" number="2475"/>
						<line hits="1" number="2478"/>
						<line hits="1" number="2479"/>
						<line hits="1" number="2480"/>
						<line hits="1" number="2488"/>
						<line hits="1" number="2489"/>
						<line hits="1" number="2490"/>
						<line hits="1" number="2491"/>
						<line hits="1" number="2493"/>
						<line hits="1" number="2495"/>
						<line hits="1" number="2496"/>
						<line hits="1" number="2497"/>
						<line hits="1" number="2498"/>
						<line hits="1" number="2499"/>
						<line hits="1" number="2500"/>
						<line hits="1" number="2502"/>
						<line hits="1" number="2503"/>
						<line hits="1" number="2504"/>
						<line hits="1" number="2505"/>
						<line hits="1" number="2506"/>
						<line hits="1" number="2518"/>
						<line hits="1" number="2519"/>
						<line hits="1" number="2520"/>
						<line hits="1" number="2521"/>
						<line hits="1" number="2522"/>
						<line hits="1" number="2534"/>
						<line hits="1" number="2535"/>
						<line hits="1" number="2536"/>
						<line hits="1" number="2537"/>
						<line hits="1" number="2538"/>
						<line hits="1" number="2546"/>
						<line hits="1" number="2547"/>
						<line hits="1" number="2548"/>
						<line hits="1" number="2551"/>
						<line hits="1" number="2553"/>
						<line hits="1" number="2555"/>
						<line hits="1" number="2556"/>
						<line hits="1" number="2557"/>
						<line hits="1" number="2558"/>
						<line hits="1" number="2559"/>
						<line hits="1" number="2560"/>
						<line hits="1" number="2561"/>
						<line hits="1" number="2562"/>
						<line hits="1" number="2564"/>
						<line hits="1" number="2566"/>
						<line hits="1" number="2567"/>
						<line hits="1" number="2568"/>
						<line hits="1" number="2569"/>
						<line hits="1" number="2571"/>
						<line hits="1" number="2572"/>
						<line hits="1" number="2573"/>
						<line hits="1" number="2575"/>
						<line hits="1" number="2576"/>
						<line hits="1" number="2577"/>
						<line hits="1" number="2579"/>
						<line hits="1" number="2580"/>
						<line hits="1" number="2581"/>
						<line hits="1" number="2583"/>
						<line hits="1" number="2584"/>
						<line hits="1" number="2585"/>
						<line hits="1" number="2587"/>
						<line hits="1" number="2588"/>
						<line hits="1" number="2589"/>
						<line hits="1" number="2592"/>
						<line hits="1" number="2593"/>
						<line hits="1" number="2595"/>
						<line hits="1" number="2596"/>
						<line hits="1" number="2598"/>
						<line hits="1" number="2599"/>
						<line hits="1" number="2600"/>
						<line hits="1" number="2602"/>
						<line hits="1" number="2603"/>
						<line hits="1" number="2604"/>
						<line hits="1" number="2606"/>
						<line hits="1" number="2607"/>
						<line hits="1" number="2608"/>
						<line hits="1" number="2610"/>
						<line hits="1" number="2611"/>
						<line hits="1" number="2612"/>
						<line hits="1" number="2614"/>
						<line hits="1" number="2615"/>
						<line hits="1" number="2616"/>
						<line hits="1" number="2619"/>
						<line hits="1" number="2620"/>
						<line hits="1" number="2621"/>
						<line hits="1" number="2623"/>
						<line hits="1" number="2624"/>
						<line hits="0" number="2627"/>
						<line hits="0" number="2628"/>
						<line hits="0" number="2630"/>
						<line hits="0" number="2631"/>
						<line hits="0" number="2632"/>
						<line hits="1" number="2637"/>
						<line hits="1" number="2639"/>
						<line hits="1" number="2641"/>
						<line hits="1" number="2642"/>
						<line hits="1" number="2644"/>
						<line hits="1" number="2645"/>
						<line hits="1" number="2646"/>
						<line hits="1" number="2647"/>
						<line hits="1" number="2648"/>
						<line hits="1" number="2650"/>
						<line hits="1" number="2651"/>
						<line hits="1" number="2652"/>
						<line hits="1" number="2653"/>
						<line hits="1" number="2654"/>
						<line hits="1" number="2655"/>
						<line hits="1" number="2657"/>
						<line hits="1" number="2660"/>
						<line hits="1" number="2664"/>
						<line hits="1" number="2665"/>
						<line hits="0" number="2674"/>
						<line hits="1" number="2677"/>
						<line hits="1" number="2679"/>
						<line hits="0" number="2684"/>
						<line hits="0" number="2685"/>
						<line hits="0" number="2686"/>
						<line hits="0" number="2687"/>
						<line hits="0" number="2688"/>
						<line hits="0" number="2689"/>
						<line hits="0" number="2690"/>
						<line hits="0" number="2691"/>
						<line hits="1" number="2693"/>
						<line hits="0" number="2698"/>
						<line hits="0" number="2699"/>
						<line hits="0" number="2700"/>
						<line hits="0" number="2701"/>
						<line hits="0" number="2702"/>
						<line hits="0" number="2703"/>
						<line hits="1" number="2705"/>
						<line hits="0" number="2710"/>
						<line hits="0" number="2711"/>
						<line hits="0" number="2712"/>
						<line hits="0" number="2713"/>
						<line hits="0" number="2714"/>
						<line hits="0" number="2715"/>
						<line hits="1" number="2718"/>
						<line hits="1" number="2720"/>
						<line hits="1" number="2724"/>
						<line hits="1" number="2725"/>
						<line hits="1" number="2726"/>
						<line hits="1" number="2734"/>
						<line hits="1" number="2760"/>
						<line hits="1" number="2761"/>
						<line hits="1" number="2762"/>
						<line hits="1" number="2763"/>
						<line hits="1" number="2764"/>
						<line hits="1" number="2766"/>
						<line hits="1" number="2767"/>
						<line hits="1" number="2769"/>
						<line hits="1" number="2773"/>
						<line hits="1" number="2774"/>
						<line hits="1" number="2775"/>
						<line hits="1" number="2776"/>
						<line hits="1" number="2777"/>
						<line hits="1" number="2778"/>
						<line hits="1" number="2779"/>
						<line hits="1" number="2780"/>
						<line hits="1" number="2781"/>
						<line hits="1" number="2782"/>
						<line hits="1" number="2783"/>
						<line hits="1" number="2784"/>
						<line hits="1" number="2788"/>
						<line hits="1" number="2805"/>
						<line hits="1" number="2807"/>
						<line hits="1" number="2811"/>
						<line hits="1" number="2817"/>
						<line hits="1" number="2819"/>
						<line hits="1" number="2823"/>
						<line hits="1" number="2824"/>
						<line hits="1" number="2825"/>
						<line hits="1" number="2837"/>
						<line hits="1" number="2839"/>
						<line hits="1" number="2840"/>
						<line hits="1" number="2841"/>
						<line hits="1" number="2842"/>
						<line hits="1" number="2843"/>
						<line hits="1" number="2844"/>
						<line hits="1" number="2846"/>
						<line hits="1" number="2847"/>
						<line hits="1" number="2849"/>
						<line hits="1" number="2850"/>
						<line hits="1" number="2851"/>
						<line hits="1" number="2852"/>
						<line hits="1" number="2853"/>
						<line hits="1" number="2854"/>
						<line hits="1" number="2856"/>
						<line hits="1" number="2857"/>
						<line hits="1" number="2859"/>
						<line hits="1" number="2863"/>
						<line hits="1" number="2864"/>
						<line hits="1" number="2865"/>
						<line hits="1" number="2866"/>
						<line hits="1" number="2867"/>
						<line hits="1" number="2868"/>
						<line hits="1" number="2869"/>
						<line hits="1" number="2870"/>
						<line hits="1" number="2871"/>
						<line hits="1" number="2873"/>
						<line hits="1" number="2874"/>
						<line hits="1" number="2876"/>
						<line hits="1" number="2878"/>
						<line hits="1" number="2881"/>
						<line hits="1" number="2882"/>
						<line hits="1" number="2883"/>
						<line hits="1" number="2887"/>
						<line hits="1" number="2888"/>
						<line hits="1" number="2889"/>
						<line hits="0" number="2890"/>
						<line hits="0" number="2891"/>
						<line hits="1" number="2893"/>
						<line hits="1" number="2895"/>
						<line hits="1" number="2897"/>
						<line hits="1" number="2898"/>
						<line hits="1" number="2899"/>
						<line hits="1" number="2900"/>
						<line hits="0" number="2901"/>
						<line hits="0" number="2902"/>
						<line hits="1" number="2904"/>
						<line hits="1" number="2906"/>
						<line hits="1" number="2907"/>
						<line hits="0" number="2909"/>
						<line hits="0" number="2910"/>
						<line hits="1" number="2912"/>
						<line hits="1" number="2914"/>
						<line hits="1" number="2915"/>
						<line hits="0" number="2917"/>
						<line hits="0" number="2918"/>
						<line hits="1" number="2920"/>
						<line hits="1" number="2923"/>
						<line hits="1" number="2925"/>
						<line hits="1" number="2927"/>
						<line hits="1" number="2928"/>
						<line hits="1" number="2929"/>
						<line hits="1" number="2933"/>
						<line hits="1" number="2934"/>
						<line hits="1" number="2935"/>
						<line hits="0" number="2936"/>
						<line hits="0" number="2937"/>
						<line hits="1" number="2939"/>
						<line hits="1" number="2941"/>
						<line hits="1" number="2942"/>
						<line hits="1" number="2943"/>
						<line hits="0" number="2944"/>
						<line hits="0" number="2945"/>
						<line hits="1" number="2947"/>
						<line hits="1" number="2948"/>
						<line hits="1" number="2949"/>
						<line hits="1" number="2951"/>
						<line hits="1" number="2953"/>
						<line hits="1" number="2956"/>
						<line hits="1" number="2957"/>
						<line hits="1" number="2958"/>
						<line hits="0" number="2959"/>
						<line hits="0" number="2960"/>
						<line hits="1" number="2962"/>
						<line hits="1" number="2964"/>
						<line hits="1" number="2965"/>
						<line hits="1" number="2966"/>
						<line hits="0" number="2967"/>
						<line hits="0" number="2968"/>
						<line hits="1" number="2970"/>
						<line hits="1" number="2974"/>
						<line hits="1" number="2976"/>
						<line hits="1" number="2978"/>
						<line hits="1" number="2979"/>
						<line hits="1" number="2980"/>
						<line hits="1" number="2981"/>
						<line hits="1" number="2982"/>
						<line hits="0" number="2983"/>
						<line hits="0" number="2984"/>
						<line hits="1" number="2986"/>
						<line hits="1" number="2987"/>
						<line hits="1" number="2988"/>
						<line hits="1" number="2991"/>
						<line hits="1" number="2993"/>
						<line hits="1" number="2995"/>
						<line hits="1" number="2996"/>
						<line hits="1" number="2997"/>
						<line hits="1" number="2998"/>
						<line hits="1" number="2999"/>
						<line hits="1" number="3000"/>
						<line hits="0" number="3001"/>
						<line hits="0" number="3002"/>
						<line hits="1" number="3004"/>
						<line hits="1" number="3005"/>
						<line hits="1" number="3006"/>
						<line hits="1" number="3007"/>
						<line hits="1" number="3009"/>
						<line hits="1" number="3011"/>
						<line hits="1" number="3012"/>
						<line hits="1" number="3013"/>
						<line hits="1" number="3014"/>
						<line hits="1" number="3015"/>
						<line hits="1" number="3016"/>
						<line hits="1" number="3017"/>
						<line hits="1" number="3019"/>
						<line hits="1" number="3020"/>
						<line hits="1" number="3022"/>
						<line hits="1" number="3024"/>
						<line hits="1" number="3026"/>
						<line hits="1" number="3027"/>
						<line hits="1" number="3028"/>
						<line hits="1" number="3029"/>
						<line hits="1" number="3032"/>
						<line hits="1" number="3034"/>
						<line hits="1" number="3036"/>
						<line hits="1" number="3037"/>
						<line hits="1" number="3039"/>
						<line hits="1" number="3040"/>
						<line hits="1" number="3041"/>
						<line hits="1" number="3042"/>
						<line hits="1" number="3043"/>
						<line hits="1" number="3044"/>
						<line hits="1" number="3046"/>
						<line hits="0" number="3047"/>
						<line hits="0" number="3048"/>
						<line hits="1" number="3050"/>
						<line hits="1" number="3051"/>
						<line hits="1" number="3052"/>
						<line hits="1" number="3053"/>
						<line hits="1" number="3055"/>
						<line hits="1" number="3058"/>
						<line hits="1" number="3059"/>
						<line hits="1" number="3060"/>
						<line hits="1" number="3062"/>
						<line hits="1" number="3063"/>
						<line hits="1" number="3065"/>
						<line hits="1" number="3067"/>
						<line hits="1" number="3068"/>
						<line hits="1" number="3069"/>
						<line hits="1" number="3070"/>
						<line hits="1" number="3071"/>
						<line hits="1" number="3072"/>
						<line hits="1" number="3074"/>
						<line hits="1" number="3076"/>
						<line hits="1" number="3079"/>
						<line hits="1" number="3080"/>
						<line hits="1" number="3081"/>
						<line hits="1" number="3082"/>
						<line hits="1" number="3083"/>
						<line hits="1" number="3084"/>
						<line hits="0" number="3085"/>
						<line hits="0" number="3086"/>
						<line hits="1" number="3088"/>
						<line hits="1" number="3090"/>
						<line hits="1" number="3091"/>
						<line hits="1" number="3092"/>
						<line hits="1" number="3095"/>
						<line hits="1" number="3098"/>
						<line hits="1" number="3099"/>
						<line hits="1" number="3100"/>
						<line hits="1" number="3101"/>
						<line hits="1" number="3102"/>
						<line hits="0" number="3105"/>
						<line hits="0" number="3106"/>
						<line hits="1" number="3108"/>
						<line hits="1" number="3109"/>
						<line hits="1" number="3110"/>
						<line hits="1" number="3113"/>
						<line hits="1" number="3114"/>
						<line hits="1" number="3116"/>
						<line hits="1" number="3117"/>
						<line hits="1" number="3118"/>
						<line hits="0" number="3119"/>
						<line hits="0" number="3120"/>
						<line hits="1" number="3122"/>
						<line hits="1" number="3123"/>
						<line hits="1" number="3125"/>
						<line hits="1" number="3127"/>
						<line hits="0" number="3129"/>
						<line hits="0" number="3130"/>
						<line hits="0" number="3131"/>
						<line hits="0" number="3132"/>
						<line hits="0" number="3133"/>
						<line hits="0" number="3134"/>
						<line hits="0" number="3136"/>
						<line hits="0" number="3137"/>
						<line hits="0" number="3138"/>
						<line hits="0" number="3139"/>
						<line hits="1" number="3141"/>
						<line hits="0" number="3143"/>
						<line hits="0" number="3144"/>
						<line hits="0" number="3145"/>
						<line hits="0" number="3146"/>
						<line hits="0" number="3147"/>
						<line hits="0" number="3148"/>
						<line hits="0" number="3149"/>
						<line hits="0" number="3151"/>
						<line hits="0" number="3152"/>
						<line hits="0" number="3153"/>
						<line hits="1" number="3155"/>
						<line hits="0" number="3157"/>
						<line hits="0" number="3158"/>
						<line hits="0" number="3159"/>
						<line hits="0" number="3160"/>
						<line hits="0" number="3161"/>
						<line hits="0" number="3162"/>
						<line hits="0" number="3163"/>
						<line hits="0" number="3164"/>
						<line hits="1" number="3166"/>
						<line hits="1" number="3167"/>
						<line hits="1" number="3169"/>
						<line hits="1" number="3170"/>
						<line hits="1" number="3171"/>
						<line hits="1" number="3200"/>
						<line hits="1" number="3201"/>
						<line hits="1" number="3202"/>
						<line hits="0" number="3203"/>
						<line hits="0" number="3204"/>
						<line hits="1" number="3206"/>
						<line hits="1" number="3207"/>
						<line hits="1" number="3209"/>
						<line hits="1" number="3210"/>
						<line hits="1" number="3211"/>
						<line hits="1" number="3212"/>
						<line hits="1" number="3213"/>
						<line hits="1" number="3214"/>
						<line hits="1" number="3215"/>
						<line hits="1" number="3216"/>
						<line hits="1" number="3217"/>
						<line hits="1" number="3219"/>
						<line hits="1" number="3220"/>
						<line hits="1" number="3221"/>
						<line hits="1" number="3222"/>
						<line hits="1" number="3223"/>
						<line hits="1" number="3224"/>
						<line hits="1" number="3253"/>
						<line hits="1" number="3254"/>
						<line hits="1" number="3255"/>
						<line hits="0" number="3256"/>
						<line hits="0" number="3257"/>
						<line hits="1" number="3259"/>
						<line hits="1" number="3260"/>
						<line hits="1" number="3263"/>
						<line hits="1" number="3265"/>
						<line hits="1" number="3266"/>
						<line hits="1" number="3267"/>
						<line hits="1" number="3268"/>
						<line hits="1" number="3279"/>
						<line hits="1" number="3280"/>
						<line hits="0" number="3281"/>
						<line hits="0" number="3282"/>
						<line hits="1" number="3284"/>
						<line hits="1" number="3287"/>
						<line hits="1" number="3288"/>
						<line hits="0" number="3289"/>
						<line hits="0" number="3290"/>
						<line hits="1" number="3292"/>
						<line hits="1" number="3295"/>
						<line hits="1" number="3296"/>
						<line hits="0" number="3297"/>
						<line hits="0" number="3298"/>
						<line hits="1" number="3300"/>
						<line hits="1" number="3303"/>
						<line hits="1" number="3305"/>
						<line hits="0" number="3306"/>
						<line hits="0" number="3307"/>
						<line hits="0" number="3308"/>
						<line hits="0" number="3309"/>
						<line hits="0" number="3310"/>
						<line hits="0" number="3311"/>
						<line hits="0" number="3312"/>
						<line hits="0" number="3313"/>
						<line hits="1" number="3315"/>
						<line hits="0" number="3317"/>
						<line hits="0" number="3318"/>
						<line hits="0" number="3319"/>
						<line hits="0" number="3320"/>
						<line hits="0" number="3321"/>
						<line hits="0" number="3322"/>
						<line hits="0" number="3323"/>
						<line hits="0" number="3325"/>
						<line hits="0" number="3326"/>
						<line hits="0" number="3327"/>
						<line hits="0" number="3332"/>
						<line hits="0" number="3333"/>
						<line hits="0" number="3335"/>
						<line hits="1" number="3337"/>
						<line hits="0" number="3338"/>
						<line hits="0" number="3339"/>
						<line hits="0" number="3340"/>
						<line hits="0" number="3341"/>
						<line hits="0" number="3342"/>
						<line hits="0" number="3343"/>
						<line hits="0" number="3344"/>
						<line hits="0" number="3346"/>
						<line hits="0" number="3347"/>
						<line hits="0" number="3348"/>
						<line hits="0" number="3349"/>
						<line hits="0" number="3351"/>
						<line hits="0" number="3352"/>
						<line hits="0" number="3354"/>
						<line hits="0" number="3355"/>
						<line hits="0" number="3356"/>
						<line hits="0" number="3357"/>
						<line hits="0" number="3358"/>
						<line hits="1" number="3360"/>
						<line hits="0" number="3361"/>
						<line hits="0" number="3362"/>
						<line hits="0" number="3363"/>
						<line hits="0" number="3364"/>
						<line hits="0" number="3365"/>
						<line hits="0" number="3366"/>
						<line hits="0" number="3368"/>
						<line hits="0" number="3370"/>
						<line hits="0" number="3371"/>
						<line hits="0" number="3372"/>
						<line hits="0" number="3373"/>
						<line hits="0" number="3374"/>
						<line hits="0" number="3375"/>
						<line hits="0" number="3376"/>
						<line hits="0" number="3377"/>
						<line hits="0" number="3378"/>
						<line hits="0" number="3380"/>
						<line hits="0" number="3388"/>
						<line hits="0" number="3389"/>
						<line hits="0" number="3390"/>
						<line hits="0" number="3394"/>
						<line hits="0" number="3396"/>
						<line hits="0" number="3398"/>
						<line hits="0" number="3399"/>
						<line hits="0" number="3400"/>
						<line hits="0" number="3401"/>
						<line hits="0" number="3402"/>
						<line hits="1" number="3404"/>
						<line hits="1" number="3406"/>
						<line hits="1" number="3407"/>
						<line hits="1" number="3408"/>
						<line hits="1" number="3412"/>
						<line hits="1" number="3413"/>
						<line hits="0" number="3414"/>
						<line hits="0" number="3415"/>
						<line hits="1" number="3417"/>
						<line hits="1" number="3419"/>
						<line hits="1" number="3420"/>
						<line hits="0" number="3421"/>
						<line hits="0" number="3422"/>
						<line hits="1" number="3424"/>
						<line hits="1" number="3425"/>
						<line hits="1" number="3426"/>
						<line hits="1" number="3428"/>
						<line hits="1" number="3429"/>
						<line hits="0" number="3430"/>
						<line hits="0" number="3431"/>
						<line hits="1" number="3433"/>
						<line hits="1" number="3435"/>
						<line hits="1" number="3437"/>
						<line hits="1" number="3438"/>
						<line hits="1" number="3439"/>
						<line hits="1" number="3451"/>
						<line hits="1" number="3452"/>
						<line hits="0" number="3453"/>
						<line hits="0" number="3454"/>
						<line hits="1" number="3456"/>
						<line hits="1" number="3458"/>
						<line hits="1" number="3459"/>
						<line hits="0" number="3460"/>
						<line hits="0" number="3461"/>
						<line hits="1" number="3463"/>
						<line hits="1" number="3464"/>
						<line hits="1" number="3465"/>
						<line hits="1" number="3467"/>
						<line hits="1" number="3468"/>
						<line hits="0" number="3469"/>
						<line hits="0" number="3470"/>
						<line hits="1" number="3472"/>
						<line hits="0" number="3474"/>
						<line hits="1" number="3476"/>
						<line hits="1" number="3477"/>
						<line hits="1" number="3479"/>
						<line hits="1" number="3480"/>
						<line hits="1" number="3481"/>
						<line hits="1" number="3482"/>
						<line hits="1" number="3483"/>
						<line hits="1" number="3484"/>
						<line hits="1" number="3485"/>
						<line hits="1" number="3486"/>
						<line hits="1" number="3487"/>
						<line hits="1" number="3488"/>
						<line hits="1" number="3489"/>
						<line hits="1" number="3490"/>
						<line hits="1" number="3491"/>
						<line hits="1" number="3492"/>
						<line hits="1" number="3493"/>
						<line hits="1" number="3494"/>
						<line hits="1" number="3495"/>
						<line hits="1" number="3496"/>
						<line hits="1" number="3497"/>
						<line hits="1" number="3498"/>
						<line hits="1" number="3499"/>
						<line hits="1" number="3500"/>
						<line hits="1" number="3501"/>
						<line hits="1" number="3502"/>
						<line hits="1" number="3503"/>
						<line hits="1" number="3504"/>
						<line hits="1" number="3505"/>
						<line hits="1" number="3506"/>
						<line hits="1" number="3507"/>
						<line hits="1" number="3508"/>
						<line hits="1" number="3509"/>
						<line hits="1" number="3510"/>
						<line hits="1" number="3511"/>
						<line hits="1" number="3512"/>
						<line hits="1" number="3513"/>
						<line hits="1" number="3514"/>
						<line hits="1" number="3515"/>
						<line hits="1" number="3516"/>
						<line hits="1" number="3517"/>
						<line hits="1" number="3518"/>
						<line hits="1" number="3519"/>
						<line hits="1" number="3520"/>
						<line hits="1" number="3521"/>
						<line hits="1" number="3522"/>
						<line hits="1" number="3523"/>
						<line hits="1" number="3524"/>
						<line hits="1" number="3525"/>
						<line hits="1" number="3526"/>
						<line hits="1" number="3527"/>
						<line hits="1" number="3531"/>
						<line hits="0" number="3536"/>
						<line hits="0" number="3537"/>
						<line hits="0" number="3538"/>
						<line hits="0" number="3539"/>
						<line hits="0" number="3540"/>
					</lines>
				</class>
			</classes>
		</package>
	</packages>
</coverage>
